---------------- Environment Info ----------------
CUDA Version: nvcc: NVIDIA (R) Cuda compiler driver
Copyright (c) 2005-2023 NVIDIA Corporation
Built on Tue_Aug_15_22:02:13_PDT_2023
Cuda compilation tools, release 12.2, V12.2.140
Build cuda_12.2.r12.2/compiler.33191640_0
Python Version: Python 3.11.5
GPU Device: GPU 0: NVIDIA A100-SXM4-40GB (UUID: GPU-fab1d027-a5d0-96f7-60c8-3fb32519385f)
BLIS 线程数: 1
OpenMP 线程数: 8
验证集已全量加载，共 80 个样本
Loaded checkpoint from step 6300. Resuming training...
开始训练，设备: cuda
体积尺寸: 64x64x64
批次大小: 20, 总步数: 500000
起始步数: 6300，结束步数: 506300
Step 6300: Discriminator Loss = 0.3603, Generator Loss = 3.2882, D Fake Score = -4.4873, D Real Score = 3.2301, D Val Score = -1.9114
进度: 6400/506300 | 平均单步耗时: 0.0895 秒/步 | 
Step 6400: Discriminator Loss = 1.8222, Generator Loss = 3.3668, D Fake Score = -2.1445, D Real Score = 2.3034, D Val Score = -1.7626
进度: 6500/506300 | 平均单步耗时: 0.0896 秒/步 | 
Step 6500: Discriminator Loss = 0.3150, Generator Loss = 3.3161, D Fake Score = -3.4533, D Real Score = 2.6846, D Val Score = -1.5904
进度: 6600/506300 | 平均单步耗时: 0.0896 秒/步 | 
Step 6600: Discriminator Loss = 2.0288, Generator Loss = 5.1960, D Fake Score = -5.3172, D Real Score = 2.0351, D Val Score = -2.8629
进度: 6700/506300 | 平均单步耗时: 0.0896 秒/步 | 
Step 6700: Discriminator Loss = 0.2597, Generator Loss = 2.6812, D Fake Score = -2.2708, D Real Score = 2.9941, D Val Score = -1.6080
进度: 6800/506300 | 平均单步耗时: 0.0895 秒/步 | 
Step 6800: Discriminator Loss = 2.0310, Generator Loss = 4.5457, D Fake Score = -4.0433, D Real Score = 2.3702, D Val Score = -2.4588
进度: 6900/506300 | 平均单步耗时: 0.0896 秒/步 | 
Step 6900: Discriminator Loss = 0.1766, Generator Loss = 3.9124, D Fake Score = -4.9115, D Real Score = 2.3504, D Val Score = -2.4239
进度: 7000/506300 | 平均单步耗时: 0.0895 秒/步 | 
Step 7000: Discriminator Loss = 2.5484, Generator Loss = 8.0094, D Fake Score = -4.0845, D Real Score = 0.6562, D Val Score = -3.3563
进度: 7100/506300 | 平均单步耗时: 0.0896 秒/步 | 
Step 7100: Discriminator Loss = 0.1447, Generator Loss = 3.7456, D Fake Score = -3.2015, D Real Score = 3.0381, D Val Score = -2.4760
进度: 7200/506300 | 平均单步耗时: 0.0896 秒/步 | 
Step 7200: Discriminator Loss = 2.0995, Generator Loss = 3.1250, D Fake Score = -4.3629, D Real Score = 2.3184, D Val Score = -2.6921
进度: 7300/506300 | 平均单步耗时: 0.0895 秒/步 | 
Step 7300: Discriminator Loss = 0.1827, Generator Loss = 5.0308, D Fake Score = -4.5071, D Real Score = 2.5710, D Val Score = -3.0865
进度: 7400/506300 | 平均单步耗时: 0.0896 秒/步 | 
Step 7400: Discriminator Loss = 1.8183, Generator Loss = 3.2479, D Fake Score = -3.2044, D Real Score = 2.8261, D Val Score = -2.4902
进度: 7500/506300 | 平均单步耗时: 0.0896 秒/步 | 
Step 7500: Discriminator Loss = 0.0789, Generator Loss = 3.6722, D Fake Score = -3.9649, D Real Score = 3.1873, D Val Score = -2.3915
进度: 7600/506300 | 平均单步耗时: 0.0896 秒/步 | 
Step 7600: Discriminator Loss = 1.9082, Generator Loss = 3.3692, D Fake Score = -3.0242, D Real Score = 2.3258, D Val Score = -2.4005
进度: 7700/506300 | 平均单步耗时: 0.0895 秒/步 | 
Step 7700: Discriminator Loss = 0.1553, Generator Loss = 4.4287, D Fake Score = -3.2759, D Real Score = 3.3913, D Val Score = -2.6149
进度: 7800/506300 | 平均单步耗时: 0.0896 秒/步 | 
Step 7800: Discriminator Loss = 2.1323, Generator Loss = 4.6556, D Fake Score = -3.5654, D Real Score = 2.3285, D Val Score = -2.8631
进度: 7900/506300 | 平均单步耗时: 0.0896 秒/步 | 
Step 7900: Discriminator Loss = 0.2148, Generator Loss = 3.6566, D Fake Score = -3.2076, D Real Score = 2.8181, D Val Score = -2.8445
进度: 8000/506300 | 平均单步耗时: 0.0895 秒/步 | 
Step 8000: Discriminator Loss = 2.0818, Generator Loss = 4.6608, D Fake Score = -4.4665, D Real Score = 2.4035, D Val Score = -3.6551
进度: 8100/506300 | 平均单步耗时: 0.0895 秒/步 | 
Step 8100: Discriminator Loss = 0.1797, Generator Loss = 4.5927, D Fake Score = -3.7494, D Real Score = 3.7019, D Val Score = -3.0827
进度: 8200/506300 | 平均单步耗时: 0.0895 秒/步 | 
Step 8200: Discriminator Loss = 1.7973, Generator Loss = 4.6814, D Fake Score = -4.4253, D Real Score = 3.2942, D Val Score = -3.1598
进度: 8300/506300 | 平均单步耗时: 0.0896 秒/步 | 
Step 8300: Discriminator Loss = 0.1286, Generator Loss = 5.2016, D Fake Score = -4.5443, D Real Score = 4.3836, D Val Score = -2.9673
进度: 8400/506300 | 平均单步耗时: 0.0895 秒/步 | 
Step 8400: Discriminator Loss = 1.9883, Generator Loss = 4.3726, D Fake Score = -3.8760, D Real Score = 2.3903, D Val Score = -2.9817
进度: 8500/506300 | 平均单步耗时: 0.0896 秒/步 | 
Step 8500: Discriminator Loss = 0.0863, Generator Loss = 3.6449, D Fake Score = -4.2149, D Real Score = 3.7748, D Val Score = -2.9580
进度: 8600/506300 | 平均单步耗时: 0.0895 秒/步 | 
Step 8600: Discriminator Loss = 1.7088, Generator Loss = 3.7425, D Fake Score = -3.1886, D Real Score = 2.8036, D Val Score = -3.0978
进度: 8700/506300 | 平均单步耗时: 0.0896 秒/步 | 
Step 8700: Discriminator Loss = 0.0751, Generator Loss = 4.0675, D Fake Score = -4.2968, D Real Score = 3.6858, D Val Score = -3.2522
进度: 8800/506300 | 平均单步耗时: 0.0896 秒/步 | 
Step 8800: Discriminator Loss = 2.3101, Generator Loss = 4.1383, D Fake Score = -2.6031, D Real Score = 3.7789, D Val Score = -2.8130
进度: 8900/506300 | 平均单步耗时: 0.0895 秒/步 | 
Step 8900: Discriminator Loss = 0.0931, Generator Loss = 4.2591, D Fake Score = -3.4094, D Real Score = 3.6799, D Val Score = -3.1617
进度: 9000/506300 | 平均单步耗时: 0.0896 秒/步 | 
Step 9000: Discriminator Loss = 1.7574, Generator Loss = 4.8524, D Fake Score = -3.8061, D Real Score = 3.1910, D Val Score = -3.3498
进度: 9100/506300 | 平均单步耗时: 0.0896 秒/步 | 
Step 9100: Discriminator Loss = 0.0880, Generator Loss = 4.7043, D Fake Score = -4.6539, D Real Score = 3.7676, D Val Score = -3.1808
进度: 9200/506300 | 平均单步耗时: 0.0895 秒/步 | 
Step 9200: Discriminator Loss = 1.7271, Generator Loss = 4.0004, D Fake Score = -4.0468, D Real Score = 2.9905, D Val Score = -3.5732
进度: 9300/506300 | 平均单步耗时: 0.0895 秒/步 | 
Step 9300: Discriminator Loss = 0.1159, Generator Loss = 5.4087, D Fake Score = -4.7065, D Real Score = 3.5021, D Val Score = -3.7472
进度: 9400/506300 | 平均单步耗时: 0.0896 秒/步 | 
Step 9400: Discriminator Loss = 1.7766, Generator Loss = 3.9886, D Fake Score = -3.4437, D Real Score = 3.6250, D Val Score = -3.4081
进度: 9500/506300 | 平均单步耗时: 0.0896 秒/步 | 
Step 9500: Discriminator Loss = 0.1679, Generator Loss = 4.6755, D Fake Score = -4.4640, D Real Score = 2.9160, D Val Score = -3.5072
进度: 9600/506300 | 平均单步耗时: 0.0895 秒/步 | 
Step 9600: Discriminator Loss = 3.0359, Generator Loss = 4.8474, D Fake Score = -3.1183, D Real Score = 3.6181, D Val Score = -2.5532
进度: 9700/506300 | 平均单步耗时: 0.0895 秒/步 | 
Step 9700: Discriminator Loss = 0.1085, Generator Loss = 5.4196, D Fake Score = -3.7440, D Real Score = 2.7109, D Val Score = -4.1846
进度: 9800/506300 | 平均单步耗时: 0.0895 秒/步 | 
Step 9800: Discriminator Loss = 1.9021, Generator Loss = 4.7830, D Fake Score = -4.4962, D Real Score = 3.0701, D Val Score = -3.8860
进度: 9900/506300 | 平均单步耗时: 0.0896 秒/步 | 
Step 9900: Discriminator Loss = 0.6013, Generator Loss = 13.1962, D Fake Score = -8.6114, D Real Score = -1.0121, D Val Score = -8.5116
进度: 10000/506300 | 平均单步耗时: 0.0896 秒/步 | 
Step 10000: Discriminator Loss = 1.7611, Generator Loss = 5.4313, D Fake Score = -5.0432, D Real Score = 3.3418, D Val Score = -3.7151
进度: 10100/506300 | 平均单步耗时: 0.0896 秒/步 | 
Step 10100: Discriminator Loss = 0.1054, Generator Loss = 4.8512, D Fake Score = -4.5941, D Real Score = 4.1741, D Val Score = -3.2946
进度: 10200/506300 | 平均单步耗时: 0.0895 秒/步 | 
Step 10200: Discriminator Loss = 2.2812, Generator Loss = 6.0293, D Fake Score = -4.1383, D Real Score = 2.8705, D Val Score = -5.0052
进度: 10300/506300 | 平均单步耗时: 0.0896 秒/步 | 
Step 10300: Discriminator Loss = 0.0798, Generator Loss = 3.8387, D Fake Score = -4.3395, D Real Score = 3.4462, D Val Score = -3.5501
进度: 10400/506300 | 平均单步耗时: 0.0895 秒/步 | 
Step 10400: Discriminator Loss = 1.8965, Generator Loss = 5.3047, D Fake Score = -4.2772, D Real Score = 3.6235, D Val Score = -3.7517
进度: 10500/506300 | 平均单步耗时: 0.0895 秒/步 | 
Step 10500: Discriminator Loss = 0.0910, Generator Loss = 5.9978, D Fake Score = -4.9563, D Real Score = 3.9020, D Val Score = -3.1699
进度: 10600/506300 | 平均单步耗时: 0.0895 秒/步 | 
Step 10600: Discriminator Loss = 3.5474, Generator Loss = 11.4085, D Fake Score = 0.8974, D Real Score = 0.2150, D Val Score = -2.2636
进度: 10700/506300 | 平均单步耗时: 0.0895 秒/步 | 
Step 10700: Discriminator Loss = 0.3229, Generator Loss = 7.0717, D Fake Score = -6.5619, D Real Score = 3.3617, D Val Score = -3.6404
进度: 10800/506300 | 平均单步耗时: 0.0896 秒/步 | 
Step 10800: Discriminator Loss = 1.9194, Generator Loss = 4.1382, D Fake Score = -3.5959, D Real Score = 4.0380, D Val Score = -3.1505
进度: 10900/506300 | 平均单步耗时: 0.0896 秒/步 | 
Step 10900: Discriminator Loss = 0.0978, Generator Loss = 5.7535, D Fake Score = -4.2639, D Real Score = 3.6074, D Val Score = -3.1906
进度: 11000/506300 | 平均单步耗时: 0.0896 秒/步 | 
Step 11000: Discriminator Loss = 1.8761, Generator Loss = 6.1333, D Fake Score = -3.8789, D Real Score = 2.9902, D Val Score = -2.8315
进度: 11100/506300 | 平均单步耗时: 0.0896 秒/步 | 
Step 11100: Discriminator Loss = 0.0493, Generator Loss = 6.2073, D Fake Score = -4.9890, D Real Score = 4.2685, D Val Score = -3.2169
